<?xml version="1.0" encoding="UTF-8"?>
<testsuite name="| Truyenkieu | 10-10-1991 | 123 Ngo Tat To | Ho Chi Minh | Phu Nhuan | 123456 | 0984443434 | t40d@yop.com | Aa123456 |" time="0.002" tests="10" errors="2" skipped="2" failures="0">
  <properties>
    <property name="java.runtime.name" value="Java(TM) SE Runtime Environment"/>
    <property name="sun.boot.library.path" value="/Library/Java/JavaVirtualMachines/jdk1.8.0_201.jdk/Contents/Home/jre/lib"/>
    <property name="java.vm.version" value="25.201-b09"/>
    <property name="gopherProxySet" value="false"/>
    <property name="java.vm.vendor" value="Oracle Corporation"/>
    <property name="maven.multiModuleProjectDirectory" value="/Users/kieuvantruyen/Documents/Automation_Testing/SeleniumWebdriver/cucumber-maven-pageobject"/>
    <property name="java.vendor.url" value="http://java.oracle.com/"/>
    <property name="path.separator" value=":"/>
    <property name="guice.disable.misplaced.annotation.check" value="true"/>
    <property name="java.vm.name" value="Java HotSpot(TM) 64-Bit Server VM"/>
    <property name="file.encoding.pkg" value="sun.io"/>
    <property name="user.country" value="VN"/>
    <property name="sun.java.launcher" value="SUN_STANDARD"/>
    <property name="sun.os.patch.level" value="unknown"/>
    <property name="java.vm.specification.name" value="Java Virtual Machine Specification"/>
    <property name="user.dir" value="/Users/kieuvantruyen/Documents/Automation_Testing/SeleniumWebdriver/cucumber-maven-pageobject"/>
    <property name="java.runtime.version" value="1.8.0_201-b09"/>
    <property name="java.awt.graphicsenv" value="sun.awt.CGraphicsEnvironment"/>
    <property name="java.endorsed.dirs" value="/Library/Java/JavaVirtualMachines/jdk1.8.0_201.jdk/Contents/Home/jre/lib/endorsed"/>
    <property name="os.arch" value="x86_64"/>
    <property name="java.io.tmpdir" value="/var/folders/fx/kgm9kb4x1g35g579hfclcmb40000gp/T/"/>
    <property name="line.separator" value="&#10;"/>
    <property name="java.vm.specification.vendor" value="Oracle Corporation"/>
    <property name="os.name" value="Mac OS X"/>
    <property name="classworlds.conf" value="/Users/kieuvantruyen/Documents/Software/apache-maven-3.6.3/bin/m2.conf"/>
    <property name="sun.jnu.encoding" value="UTF-8"/>
    <property name="java.library.path" value="/Users/kieuvantruyen/Library/Java/Extensions:/Library/Java/Extensions:/Network/Library/Java/Extensions:/System/Library/Java/Extensions:/usr/lib/java:."/>
    <property name="maven.conf" value="/Users/kieuvantruyen/Documents/Software/apache-maven-3.6.3/conf"/>
    <property name="java.specification.name" value="Java Platform API Specification"/>
    <property name="java.class.version" value="52.0"/>
    <property name="sun.management.compiler" value="HotSpot 64-Bit Tiered Compilers"/>
    <property name="os.version" value="10.15.7"/>
    <property name="library.jansi.path" value="/Users/kieuvantruyen/Documents/Software/apache-maven-3.6.3/lib/jansi-native"/>
    <property name="http.nonProxyHosts" value="local|*.local|169.254/16|*.169.254/16"/>
    <property name="user.home" value="/Users/kieuvantruyen"/>
    <property name="user.timezone" value="Asia/Ho_Chi_Minh"/>
    <property name="java.awt.printerjob" value="sun.lwawt.macosx.CPrinterJob"/>
    <property name="java.specification.version" value="1.8"/>
    <property name="file.encoding" value="UTF-8"/>
    <property name="user.name" value="kieuvantruyen"/>
    <property name="java.class.path" value="/Users/kieuvantruyen/Documents/Software/apache-maven-3.6.3/boot/plexus-classworlds-2.6.0.jar"/>
    <property name="java.vm.specification.version" value="1.8"/>
    <property name="sun.arch.data.model" value="64"/>
    <property name="java.home" value="/Library/Java/JavaVirtualMachines/jdk1.8.0_201.jdk/Contents/Home/jre"/>
    <property name="sun.java.command" value="org.codehaus.plexus.classworlds.launcher.Launcher clean test verify"/>
    <property name="java.specification.vendor" value="Oracle Corporation"/>
    <property name="user.language" value="en"/>
    <property name="awt.toolkit" value="sun.lwawt.macosx.LWCToolkit"/>
    <property name="java.vm.info" value="mixed mode"/>
    <property name="java.version" value="1.8.0_201"/>
    <property name="java.ext.dirs" value="/Users/kieuvantruyen/Library/Java/Extensions:/Library/Java/JavaVirtualMachines/jdk1.8.0_201.jdk/Contents/Home/jre/lib/ext:/Library/Java/Extensions:/Network/Library/Java/Extensions:/System/Library/Java/Extensions:/usr/lib/java"/>
    <property name="sun.boot.class.path" value="/Library/Java/JavaVirtualMachines/jdk1.8.0_201.jdk/Contents/Home/jre/lib/resources.jar:/Library/Java/JavaVirtualMachines/jdk1.8.0_201.jdk/Contents/Home/jre/lib/rt.jar:/Library/Java/JavaVirtualMachines/jdk1.8.0_201.jdk/Contents/Home/jre/lib/sunrsasign.jar:/Library/Java/JavaVirtualMachines/jdk1.8.0_201.jdk/Contents/Home/jre/lib/jsse.jar:/Library/Java/JavaVirtualMachines/jdk1.8.0_201.jdk/Contents/Home/jre/lib/jce.jar:/Library/Java/JavaVirtualMachines/jdk1.8.0_201.jdk/Contents/Home/jre/lib/charsets.jar:/Library/Java/JavaVirtualMachines/jdk1.8.0_201.jdk/Contents/Home/jre/lib/jfr.jar:/Library/Java/JavaVirtualMachines/jdk1.8.0_201.jdk/Contents/Home/jre/classes"/>
    <property name="java.vendor" value="Oracle Corporation"/>
    <property name="maven.home" value="/Users/kieuvantruyen/Documents/Software/apache-maven-3.6.3"/>
    <property name="file.separator" value="/"/>
    <property name="java.vendor.url.bug" value="http://bugreport.sun.com/bugreport/"/>
    <property name="sun.cpu.endian" value="little"/>
    <property name="sun.io.unicode.encoding" value="UnicodeBig"/>
    <property name="socksNonProxyHosts" value="local|*.local|169.254/16|*.169.254/16"/>
    <property name="ftp.nonProxyHosts" value="local|*.local|169.254/16|*.169.254/16"/>
    <property name="sun.cpu.isalist" value=""/>
  </properties>
  <testcase name="| Truyenkieu | 10-10-1991 | 123 Ngo Tat To | Ho Chi Minh | Phu Nhuan | 123456 | 0984443434 | t40d@yop.com | Aa123456 |" classname="| Truyenkieu | 10-10-1991 | 123 Ngo Tat To | Ho Chi Minh | Phu Nhuan | 123456 | 0984443434 | t40d@yop.com | Aa123456 |" time="0"/>
  <testcase name="| Truyenkieu | 10-10-1991 | 123 Ngo Tat To | Ho Chi Minh | Phu Nhuan | 123456 | 0984443434 | t40d@yop.com | Aa123456 |" classname="| Truyenkieu | 10-10-1991 | 123 Ngo Tat To | Ho Chi Minh | Phu Nhuan | 123456 | 0984443434 | t40d@yop.com | Aa123456 |" time="0">
    <error message="unexpected alert open: {Alert text : Email Address Already Exist !!}&#10;  (Session info: chrome=87.0.4280.67): Email Address Already Exist !!&#10;Build info: version: &apos;3.141.59&apos;, revision: &apos;e82be7d358&apos;, time: &apos;2018-11-14T08:17:03&apos;&#10;System info: host: &apos;MacintoshHDsMBP&apos;, ip: &apos;2405:4802:9197:2a50:a683:e7ff:fe7f:44cf%en0&apos;, os.name: &apos;Mac OS X&apos;, os.arch: &apos;x86_64&apos;, os.version: &apos;10.15.7&apos;, java.version: &apos;1.8.0_201&apos;&#10;Driver info: org.openqa.selenium.chrome.ChromeDriver&#10;Capabilities {acceptInsecureCerts: false, browserName: chrome, browserVersion: 87.0.4280.67, chrome: {chromedriverVersion: 86.0.4240.22 (398b0743353ff..., userDataDir: /var/folders/fx/kgm9kb4x1g3...}, goog:chromeOptions: {debuggerAddress: localhost:51545}, javascriptEnabled: true, networkConnectionEnabled: false, pageLoadStrategy: normal, platform: MAC, platformName: MAC, proxy: Proxy(), setWindowRect: true, strictFileInteractability: false, timeouts: {implicit: 0, pageLoad: 300000, script: 30000}, unhandledPromptBehavior: dismiss and notify, webauthn:virtualAuthenticators: true}&#10;Session ID: b5a8602b07deac821442ab313033c8dd&#10;*** Element info: {Using=xpath, value=//td[contains(text(),&apos;Customer Name&apos;)]/following-sibling::td}" type="org.openqa.selenium.UnhandledAlertException">org.openqa.selenium.UnhandledAlertException: unexpected alert open: {Alert text : Email Address Already Exist !!}
  (Session info: chrome=87.0.4280.67): Email Address Already Exist !!
Build info: version: '3.141.59', revision: 'e82be7d358', time: '2018-11-14T08:17:03'
System info: host: 'MacintoshHDsMBP', ip: '2405:4802:9197:2a50:a683:e7ff:fe7f:44cf%en0', os.name: 'Mac OS X', os.arch: 'x86_64', os.version: '10.15.7', java.version: '1.8.0_201'
Driver info: org.openqa.selenium.chrome.ChromeDriver
Capabilities {acceptInsecureCerts: false, browserName: chrome, browserVersion: 87.0.4280.67, chrome: {chromedriverVersion: 86.0.4240.22 (398b0743353ff..., userDataDir: /var/folders/fx/kgm9kb4x1g3...}, goog:chromeOptions: {debuggerAddress: localhost:51545}, javascriptEnabled: true, networkConnectionEnabled: false, pageLoadStrategy: normal, platform: MAC, platformName: MAC, proxy: Proxy(), setWindowRect: true, strictFileInteractability: false, timeouts: {implicit: 0, pageLoad: 300000, script: 30000}, unhandledPromptBehavior: dismiss and notify, webauthn:virtualAuthenticators: true}
Session ID: b5a8602b07deac821442ab313033c8dd
*** Element info: {Using=xpath, value=//td[contains(text(),'Customer Name')]/following-sibling::td}
	at org.openqa.selenium.remote.http.W3CHttpResponseCodec.decode(W3CHttpResponseCodec.java:120)
	at org.openqa.selenium.remote.http.W3CHttpResponseCodec.decode(W3CHttpResponseCodec.java:49)
	at org.openqa.selenium.remote.HttpCommandExecutor.execute(HttpCommandExecutor.java:158)
	at org.openqa.selenium.remote.service.DriverCommandExecutor.execute(DriverCommandExecutor.java:83)
	at org.openqa.selenium.remote.RemoteWebDriver.execute(RemoteWebDriver.java:552)
	at org.openqa.selenium.remote.RemoteWebDriver.findElement(RemoteWebDriver.java:323)
	at org.openqa.selenium.remote.RemoteWebDriver.findElementByXPath(RemoteWebDriver.java:428)
	at org.openqa.selenium.By$ByXPath.findElement(By.java:353)
	at org.openqa.selenium.remote.RemoteWebDriver.findElement(RemoteWebDriver.java:315)
	at org.openqa.selenium.support.ui.ExpectedConditions$7.apply(ExpectedConditions.java:205)
	at org.openqa.selenium.support.ui.ExpectedConditions$7.apply(ExpectedConditions.java:201)
	at org.openqa.selenium.support.ui.FluentWait.until(FluentWait.java:249)
	at common.AbstractPage.waitForElementVisible(AbstractPage.java:332)
	at pageObjects.NewCustomerPageObject.getCustomerName(NewCustomerPageObject.java:36)
	at stepDefinitions.NewCustomerPageSteps.i_see_the_information_of_customer_displa_correctly(NewCustomerPageSteps.java:42)
	at ✽.Then I see the information of Customer displays correctly(Featear01.feature:24)
</error>
  </testcase>
  <testcase name="Given I open the Home page" classname="| Truyenkieu | 10-10-1991 | 123 Ngo Tat To | Ho Chi Minh | Phu Nhuan | 123456 | 0984443434 | t40d@yop.com | Aa123456 |" time="0"/>
  <testcase name="And I enter the UserId &quot;mngr295153&quot; and Password is &quot;Esavupy&quot; to the login form" classname="| Truyenkieu | 10-10-1991 | 123 Ngo Tat To | Ho Chi Minh | Phu Nhuan | 123456 | 0984443434 | t40d@yop.com | Aa123456 |" time="0"/>
  <testcase name="When I click New Customer on the Left menu" classname="| Truyenkieu | 10-10-1991 | 123 Ngo Tat To | Ho Chi Minh | Phu Nhuan | 123456 | 0984443434 | t40d@yop.com | Aa123456 |" time="0"/>
  <testcase name="Then I add the user information" classname="| Truyenkieu | 10-10-1991 | 123 Ngo Tat To | Ho Chi Minh | Phu Nhuan | 123456 | 0984443434 | t40d@yop.com | Aa123456 |" time="0"/>
  <testcase name="When I click the Submit button" classname="| Truyenkieu | 10-10-1991 | 123 Ngo Tat To | Ho Chi Minh | Phu Nhuan | 123456 | 0984443434 | t40d@yop.com | Aa123456 |" time="0"/>
  <testcase name="Then I see the information of Customer displays correctly" classname="| Truyenkieu | 10-10-1991 | 123 Ngo Tat To | Ho Chi Minh | Phu Nhuan | 123456 | 0984443434 | t40d@yop.com | Aa123456 |" time="0.002">
    <error message="unexpected alert open: {Alert text : Email Address Already Exist !!}&#10;  (Session info: chrome=87.0.4280.67): Email Address Already Exist !!&#10;Build info: version: &apos;3.141.59&apos;, revision: &apos;e82be7d358&apos;, time: &apos;2018-11-14T08:17:03&apos;&#10;System info: host: &apos;MacintoshHDsMBP&apos;, ip: &apos;2405:4802:9197:2a50:a683:e7ff:fe7f:44cf%en0&apos;, os.name: &apos;Mac OS X&apos;, os.arch: &apos;x86_64&apos;, os.version: &apos;10.15.7&apos;, java.version: &apos;1.8.0_201&apos;&#10;Driver info: org.openqa.selenium.chrome.ChromeDriver&#10;Capabilities {acceptInsecureCerts: false, browserName: chrome, browserVersion: 87.0.4280.67, chrome: {chromedriverVersion: 86.0.4240.22 (398b0743353ff..., userDataDir: /var/folders/fx/kgm9kb4x1g3...}, goog:chromeOptions: {debuggerAddress: localhost:51545}, javascriptEnabled: true, networkConnectionEnabled: false, pageLoadStrategy: normal, platform: MAC, platformName: MAC, proxy: Proxy(), setWindowRect: true, strictFileInteractability: false, timeouts: {implicit: 0, pageLoad: 300000, script: 30000}, unhandledPromptBehavior: dismiss and notify, webauthn:virtualAuthenticators: true}&#10;Session ID: b5a8602b07deac821442ab313033c8dd&#10;*** Element info: {Using=xpath, value=//td[contains(text(),&apos;Customer Name&apos;)]/following-sibling::td}" type="org.openqa.selenium.UnhandledAlertException">org.openqa.selenium.UnhandledAlertException: unexpected alert open: {Alert text : Email Address Already Exist !!}
  (Session info: chrome=87.0.4280.67): Email Address Already Exist !!
Build info: version: '3.141.59', revision: 'e82be7d358', time: '2018-11-14T08:17:03'
System info: host: 'MacintoshHDsMBP', ip: '2405:4802:9197:2a50:a683:e7ff:fe7f:44cf%en0', os.name: 'Mac OS X', os.arch: 'x86_64', os.version: '10.15.7', java.version: '1.8.0_201'
Driver info: org.openqa.selenium.chrome.ChromeDriver
Capabilities {acceptInsecureCerts: false, browserName: chrome, browserVersion: 87.0.4280.67, chrome: {chromedriverVersion: 86.0.4240.22 (398b0743353ff..., userDataDir: /var/folders/fx/kgm9kb4x1g3...}, goog:chromeOptions: {debuggerAddress: localhost:51545}, javascriptEnabled: true, networkConnectionEnabled: false, pageLoadStrategy: normal, platform: MAC, platformName: MAC, proxy: Proxy(), setWindowRect: true, strictFileInteractability: false, timeouts: {implicit: 0, pageLoad: 300000, script: 30000}, unhandledPromptBehavior: dismiss and notify, webauthn:virtualAuthenticators: true}
Session ID: b5a8602b07deac821442ab313033c8dd
*** Element info: {Using=xpath, value=//td[contains(text(),'Customer Name')]/following-sibling::td}
	at org.openqa.selenium.remote.http.W3CHttpResponseCodec.decode(W3CHttpResponseCodec.java:120)
	at org.openqa.selenium.remote.http.W3CHttpResponseCodec.decode(W3CHttpResponseCodec.java:49)
	at org.openqa.selenium.remote.HttpCommandExecutor.execute(HttpCommandExecutor.java:158)
	at org.openqa.selenium.remote.service.DriverCommandExecutor.execute(DriverCommandExecutor.java:83)
	at org.openqa.selenium.remote.RemoteWebDriver.execute(RemoteWebDriver.java:552)
	at org.openqa.selenium.remote.RemoteWebDriver.findElement(RemoteWebDriver.java:323)
	at org.openqa.selenium.remote.RemoteWebDriver.findElementByXPath(RemoteWebDriver.java:428)
	at org.openqa.selenium.By$ByXPath.findElement(By.java:353)
	at org.openqa.selenium.remote.RemoteWebDriver.findElement(RemoteWebDriver.java:315)
	at org.openqa.selenium.support.ui.ExpectedConditions$7.apply(ExpectedConditions.java:205)
	at org.openqa.selenium.support.ui.ExpectedConditions$7.apply(ExpectedConditions.java:201)
	at org.openqa.selenium.support.ui.FluentWait.until(FluentWait.java:249)
	at common.AbstractPage.waitForElementVisible(AbstractPage.java:332)
	at pageObjects.NewCustomerPageObject.getCustomerName(NewCustomerPageObject.java:36)
	at stepDefinitions.NewCustomerPageSteps.i_see_the_information_of_customer_displa_correctly(NewCustomerPageSteps.java:42)
	at ✽.Then I see the information of Customer displays correctly(Featear01.feature:24)
</error>
  </testcase>
  <testcase name="When I click Continue button" classname="| Truyenkieu | 10-10-1991 | 123 Ngo Tat To | Ho Chi Minh | Phu Nhuan | 123456 | 0984443434 | t40d@yop.com | Aa123456 |" time="0">
    <skipped/>
  </testcase>
  <testcase name="Then I back to Dashboard button and see &quot;mngr295153&quot; display." classname="| Truyenkieu | 10-10-1991 | 123 Ngo Tat To | Ho Chi Minh | Phu Nhuan | 123456 | 0984443434 | t40d@yop.com | Aa123456 |" time="0">
    <skipped/>
  </testcase>
</testsuite>